[0.826s] DEBUG:colcon:Command line arguments: ['/usr/bin/colcon', 'build']
[0.827s] DEBUG:colcon:Parsed command line arguments: Namespace(log_base=None, log_level=None, verb_name='build', build_base='build', install_base='install', merge_install=False, symlink_install=False, test_result_base=None, continue_on_error=False, executor='parallel', parallel_workers=12, event_handlers=None, ignore_user_meta=False, metas=['./colcon.meta'], base_paths=['.'], packages_ignore=None, packages_ignore_regex=None, paths=None, packages_up_to=None, packages_up_to_regex=None, packages_above=None, packages_above_and_dependencies=None, packages_above_depth=None, packages_select_by_dep=None, packages_skip_by_dep=None, packages_skip_up_to=None, packages_select_build_failed=False, packages_skip_build_finished=False, packages_select_test_failures=False, packages_skip_test_passed=False, packages_select=None, packages_skip=None, packages_select_regex=None, packages_skip_regex=None, packages_start=None, packages_end=None, cmake_args=None, cmake_target=None, cmake_target_skip_unavailable=False, cmake_clean_cache=False, cmake_clean_first=False, cmake_force_configure=False, ament_cmake_args=None, catkin_cmake_args=None, catkin_skip_building_tests=False, mixin_files=None, mixin=None, verb_parser=<colcon_mixin.mixin.mixin_argument.MixinArgumentDecorator object at 0x7fbd43c0c700>, verb_extension=<colcon_core.verb.build.BuildVerb object at 0x7fbd443f05b0>, main=<bound method BuildVerb.main of <colcon_core.verb.build.BuildVerb object at 0x7fbd443f05b0>>, mixin_verb=('build',))
[0.923s] Level 1:colcon.colcon_core.package_discovery:discover_packages(colcon_meta) check parameters
[0.925s] INFO:colcon.colcon_metadata.package_discovery.colcon_meta:Using configuration from '/root/.colcon/metadata/default/Gazebo.meta'
[0.926s] INFO:colcon.colcon_metadata.package_discovery.colcon_meta:Using configuration from '/root/.colcon/metadata/default/fastrtps.meta'
[0.926s] Level 1:colcon.colcon_core.package_discovery:discover_packages(recursive) check parameters
[0.926s] Level 1:colcon.colcon_core.package_discovery:discover_packages(ignore) check parameters
[0.926s] Level 1:colcon.colcon_core.package_discovery:discover_packages(path) check parameters
[0.926s] Level 1:colcon.colcon_core.package_discovery:discover_packages(colcon_meta) discover
[0.926s] Level 1:colcon.colcon_core.package_discovery:discover_packages(recursive) discover
[0.926s] INFO:colcon.colcon_core.package_discovery:Crawling recursively for packages in '/root/catkin_ws'
[0.926s] Level 1:colcon.colcon_core.package_identification:_identify(.) by extensions ['ignore', 'ignore_ament_install']
[0.927s] Level 1:colcon.colcon_core.package_identification:_identify(.) by extension 'ignore'
[0.927s] Level 1:colcon.colcon_core.package_identification:_identify(.) by extension 'ignore_ament_install'
[0.927s] Level 1:colcon.colcon_core.package_identification:_identify(.) by extensions ['colcon_pkg']
[0.927s] Level 1:colcon.colcon_core.package_identification:_identify(.) by extension 'colcon_pkg'
[0.927s] Level 1:colcon.colcon_core.package_identification:_identify(.) by extensions ['colcon_meta']
[0.927s] Level 1:colcon.colcon_core.package_identification:_identify(.) by extension 'colcon_meta'
[0.927s] Level 1:colcon.colcon_core.package_identification:_identify(.) by extensions ['ros']
[0.927s] Level 1:colcon.colcon_core.package_identification:_identify(.) by extension 'ros'
[0.973s] Level 1:colcon.colcon_core.package_identification:_identify(.) by extensions ['cmake', 'python']
[0.973s] Level 1:colcon.colcon_core.package_identification:_identify(.) by extension 'cmake'
[0.973s] Level 1:colcon.colcon_core.package_identification:_identify(.) by extension 'python'
[0.973s] Level 1:colcon.colcon_core.package_identification:_identify(.) by extensions ['python_setup_py']
[0.973s] Level 1:colcon.colcon_core.package_identification:_identify(.) by extension 'python_setup_py'
[0.974s] Level 1:colcon.colcon_core.package_identification:_identify(Projeto-Final-P.S-Nautilus) by extensions ['ignore', 'ignore_ament_install']
[0.974s] Level 1:colcon.colcon_core.package_identification:_identify(Projeto-Final-P.S-Nautilus) by extension 'ignore'
[0.974s] Level 1:colcon.colcon_core.package_identification:_identify(Projeto-Final-P.S-Nautilus) by extension 'ignore_ament_install'
[0.974s] Level 1:colcon.colcon_core.package_identification:_identify(Projeto-Final-P.S-Nautilus) by extensions ['colcon_pkg']
[0.974s] Level 1:colcon.colcon_core.package_identification:_identify(Projeto-Final-P.S-Nautilus) by extension 'colcon_pkg'
[0.974s] Level 1:colcon.colcon_core.package_identification:_identify(Projeto-Final-P.S-Nautilus) by extensions ['colcon_meta']
[0.974s] Level 1:colcon.colcon_core.package_identification:_identify(Projeto-Final-P.S-Nautilus) by extension 'colcon_meta'
[0.974s] Level 1:colcon.colcon_core.package_identification:_identify(Projeto-Final-P.S-Nautilus) by extensions ['ros']
[0.974s] Level 1:colcon.colcon_core.package_identification:_identify(Projeto-Final-P.S-Nautilus) by extension 'ros'
[0.982s] DEBUG:colcon.colcon_core.package_identification:Failed to parse potential ROS package manifest in'Projeto-Final-P.S-Nautilus': Error(s) in package 'Projeto-Final-P.S-Nautilus/package.xml':
Error(s):
- The manifest of package "meu_robot_sim" (with format version 2) must not contain the following tags: run_depend
- Please replace <run_depend> tags with <exec_depend> tags.
[0.982s] Level 1:colcon.colcon_core.package_identification:_identify(Projeto-Final-P.S-Nautilus) by extensions ['cmake', 'python']
[0.982s] Level 1:colcon.colcon_core.package_identification:_identify(Projeto-Final-P.S-Nautilus) by extension 'cmake'
[0.982s] Level 1:colcon.colcon_core.package_identification:_identify(Projeto-Final-P.S-Nautilus) by extension 'python'
[0.982s] Level 1:colcon.colcon_core.package_identification:_identify(Projeto-Final-P.S-Nautilus) by extensions ['python_setup_py']
[0.982s] Level 1:colcon.colcon_core.package_identification:_identify(Projeto-Final-P.S-Nautilus) by extension 'python_setup_py'
[0.983s] Level 1:colcon.colcon_core.package_identification:_identify(Projeto-Final-P.S-Nautilus/meu_robot) by extensions ['ignore', 'ignore_ament_install']
[0.983s] Level 1:colcon.colcon_core.package_identification:_identify(Projeto-Final-P.S-Nautilus/meu_robot) by extension 'ignore'
[0.983s] Level 1:colcon.colcon_core.package_identification:_identify(Projeto-Final-P.S-Nautilus/meu_robot) by extension 'ignore_ament_install'
[0.983s] Level 1:colcon.colcon_core.package_identification:_identify(Projeto-Final-P.S-Nautilus/meu_robot) by extensions ['colcon_pkg']
[0.983s] Level 1:colcon.colcon_core.package_identification:_identify(Projeto-Final-P.S-Nautilus/meu_robot) by extension 'colcon_pkg'
[0.983s] Level 1:colcon.colcon_core.package_identification:_identify(Projeto-Final-P.S-Nautilus/meu_robot) by extensions ['colcon_meta']
[0.983s] Level 1:colcon.colcon_core.package_identification:_identify(Projeto-Final-P.S-Nautilus/meu_robot) by extension 'colcon_meta'
[0.983s] Level 1:colcon.colcon_core.package_identification:_identify(Projeto-Final-P.S-Nautilus/meu_robot) by extensions ['ros']
[0.983s] Level 1:colcon.colcon_core.package_identification:_identify(Projeto-Final-P.S-Nautilus/meu_robot) by extension 'ros'
[0.983s] Level 1:colcon.colcon_core.package_identification:_identify(Projeto-Final-P.S-Nautilus/meu_robot) by extensions ['cmake', 'python']
[0.983s] Level 1:colcon.colcon_core.package_identification:_identify(Projeto-Final-P.S-Nautilus/meu_robot) by extension 'cmake'
[0.983s] Level 1:colcon.colcon_core.package_identification:_identify(Projeto-Final-P.S-Nautilus/meu_robot) by extension 'python'
[0.983s] Level 1:colcon.colcon_core.package_identification:_identify(Projeto-Final-P.S-Nautilus/meu_robot) by extensions ['python_setup_py']
[0.983s] Level 1:colcon.colcon_core.package_identification:_identify(Projeto-Final-P.S-Nautilus/meu_robot) by extension 'python_setup_py'
[0.984s] Level 1:colcon.colcon_core.package_identification:_identify(Projeto-Final-P.S-Nautilus/meu_robot_sim) by extensions ['ignore', 'ignore_ament_install']
[0.984s] Level 1:colcon.colcon_core.package_identification:_identify(Projeto-Final-P.S-Nautilus/meu_robot_sim) by extension 'ignore'
[0.984s] Level 1:colcon.colcon_core.package_identification:_identify(Projeto-Final-P.S-Nautilus/meu_robot_sim) by extension 'ignore_ament_install'
[0.984s] Level 1:colcon.colcon_core.package_identification:_identify(Projeto-Final-P.S-Nautilus/meu_robot_sim) by extensions ['colcon_pkg']
[0.984s] Level 1:colcon.colcon_core.package_identification:_identify(Projeto-Final-P.S-Nautilus/meu_robot_sim) by extension 'colcon_pkg'
[0.984s] Level 1:colcon.colcon_core.package_identification:_identify(Projeto-Final-P.S-Nautilus/meu_robot_sim) by extensions ['colcon_meta']
[0.984s] Level 1:colcon.colcon_core.package_identification:_identify(Projeto-Final-P.S-Nautilus/meu_robot_sim) by extension 'colcon_meta'
[0.984s] Level 1:colcon.colcon_core.package_identification:_identify(Projeto-Final-P.S-Nautilus/meu_robot_sim) by extensions ['ros']
[0.984s] Level 1:colcon.colcon_core.package_identification:_identify(Projeto-Final-P.S-Nautilus/meu_robot_sim) by extension 'ros'
[0.984s] Level 1:colcon.colcon_core.package_identification:_identify(Projeto-Final-P.S-Nautilus/meu_robot_sim) by extensions ['cmake', 'python']
[0.984s] Level 1:colcon.colcon_core.package_identification:_identify(Projeto-Final-P.S-Nautilus/meu_robot_sim) by extension 'cmake'
[0.984s] Level 1:colcon.colcon_core.package_identification:_identify(Projeto-Final-P.S-Nautilus/meu_robot_sim) by extension 'python'
[0.984s] Level 1:colcon.colcon_core.package_identification:_identify(Projeto-Final-P.S-Nautilus/meu_robot_sim) by extensions ['python_setup_py']
[0.984s] Level 1:colcon.colcon_core.package_identification:_identify(Projeto-Final-P.S-Nautilus/meu_robot_sim) by extension 'python_setup_py'
[0.984s] Level 1:colcon.colcon_core.package_identification:_identify(Projeto-Final-P.S-Nautilus/meu_robot_sim/scripts) by extensions ['ignore', 'ignore_ament_install']
[0.984s] Level 1:colcon.colcon_core.package_identification:_identify(Projeto-Final-P.S-Nautilus/meu_robot_sim/scripts) by extension 'ignore'
[0.984s] Level 1:colcon.colcon_core.package_identification:_identify(Projeto-Final-P.S-Nautilus/meu_robot_sim/scripts) by extension 'ignore_ament_install'
[0.984s] Level 1:colcon.colcon_core.package_identification:_identify(Projeto-Final-P.S-Nautilus/meu_robot_sim/scripts) by extensions ['colcon_pkg']
[0.984s] Level 1:colcon.colcon_core.package_identification:_identify(Projeto-Final-P.S-Nautilus/meu_robot_sim/scripts) by extension 'colcon_pkg'
[0.984s] Level 1:colcon.colcon_core.package_identification:_identify(Projeto-Final-P.S-Nautilus/meu_robot_sim/scripts) by extensions ['colcon_meta']
[0.985s] Level 1:colcon.colcon_core.package_identification:_identify(Projeto-Final-P.S-Nautilus/meu_robot_sim/scripts) by extension 'colcon_meta'
[0.985s] Level 1:colcon.colcon_core.package_identification:_identify(Projeto-Final-P.S-Nautilus/meu_robot_sim/scripts) by extensions ['ros']
[0.985s] Level 1:colcon.colcon_core.package_identification:_identify(Projeto-Final-P.S-Nautilus/meu_robot_sim/scripts) by extension 'ros'
[0.985s] Level 1:colcon.colcon_core.package_identification:_identify(Projeto-Final-P.S-Nautilus/meu_robot_sim/scripts) by extensions ['cmake', 'python']
[0.985s] Level 1:colcon.colcon_core.package_identification:_identify(Projeto-Final-P.S-Nautilus/meu_robot_sim/scripts) by extension 'cmake'
[0.985s] Level 1:colcon.colcon_core.package_identification:_identify(Projeto-Final-P.S-Nautilus/meu_robot_sim/scripts) by extension 'python'
[0.985s] Level 1:colcon.colcon_core.package_identification:_identify(Projeto-Final-P.S-Nautilus/meu_robot_sim/scripts) by extensions ['python_setup_py']
[0.985s] Level 1:colcon.colcon_core.package_identification:_identify(Projeto-Final-P.S-Nautilus/meu_robot_sim/scripts) by extension 'python_setup_py'
[0.985s] Level 1:colcon.colcon_core.package_identification:_identify(Projeto-Final-P.S-Nautilus/meu_robot_sim/urdf) by extensions ['ignore', 'ignore_ament_install']
[0.985s] Level 1:colcon.colcon_core.package_identification:_identify(Projeto-Final-P.S-Nautilus/meu_robot_sim/urdf) by extension 'ignore'
[0.985s] Level 1:colcon.colcon_core.package_identification:_identify(Projeto-Final-P.S-Nautilus/meu_robot_sim/urdf) by extension 'ignore_ament_install'
[0.985s] Level 1:colcon.colcon_core.package_identification:_identify(Projeto-Final-P.S-Nautilus/meu_robot_sim/urdf) by extensions ['colcon_pkg']
[0.986s] Level 1:colcon.colcon_core.package_identification:_identify(Projeto-Final-P.S-Nautilus/meu_robot_sim/urdf) by extension 'colcon_pkg'
[0.986s] Level 1:colcon.colcon_core.package_identification:_identify(Projeto-Final-P.S-Nautilus/meu_robot_sim/urdf) by extensions ['colcon_meta']
[0.986s] Level 1:colcon.colcon_core.package_identification:_identify(Projeto-Final-P.S-Nautilus/meu_robot_sim/urdf) by extension 'colcon_meta'
[0.986s] Level 1:colcon.colcon_core.package_identification:_identify(Projeto-Final-P.S-Nautilus/meu_robot_sim/urdf) by extensions ['ros']
[0.986s] Level 1:colcon.colcon_core.package_identification:_identify(Projeto-Final-P.S-Nautilus/meu_robot_sim/urdf) by extension 'ros'
[0.986s] Level 1:colcon.colcon_core.package_identification:_identify(Projeto-Final-P.S-Nautilus/meu_robot_sim/urdf) by extensions ['cmake', 'python']
[0.986s] Level 1:colcon.colcon_core.package_identification:_identify(Projeto-Final-P.S-Nautilus/meu_robot_sim/urdf) by extension 'cmake'
[0.986s] Level 1:colcon.colcon_core.package_identification:_identify(Projeto-Final-P.S-Nautilus/meu_robot_sim/urdf) by extension 'python'
[0.986s] Level 1:colcon.colcon_core.package_identification:_identify(Projeto-Final-P.S-Nautilus/meu_robot_sim/urdf) by extensions ['python_setup_py']
[0.986s] Level 1:colcon.colcon_core.package_identification:_identify(Projeto-Final-P.S-Nautilus/meu_robot_sim/urdf) by extension 'python_setup_py'
[0.986s] Level 1:colcon.colcon_core.package_identification:_identify(Projeto-Final-P.S-Nautilus/meu_robot_sim/worlds) by extensions ['ignore', 'ignore_ament_install']
[0.986s] Level 1:colcon.colcon_core.package_identification:_identify(Projeto-Final-P.S-Nautilus/meu_robot_sim/worlds) by extension 'ignore'
[0.986s] Level 1:colcon.colcon_core.package_identification:_identify(Projeto-Final-P.S-Nautilus/meu_robot_sim/worlds) by extension 'ignore_ament_install'
[0.986s] Level 1:colcon.colcon_core.package_identification:_identify(Projeto-Final-P.S-Nautilus/meu_robot_sim/worlds) by extensions ['colcon_pkg']
[0.986s] Level 1:colcon.colcon_core.package_identification:_identify(Projeto-Final-P.S-Nautilus/meu_robot_sim/worlds) by extension 'colcon_pkg'
[0.986s] Level 1:colcon.colcon_core.package_identification:_identify(Projeto-Final-P.S-Nautilus/meu_robot_sim/worlds) by extensions ['colcon_meta']
[0.986s] Level 1:colcon.colcon_core.package_identification:_identify(Projeto-Final-P.S-Nautilus/meu_robot_sim/worlds) by extension 'colcon_meta'
[0.986s] Level 1:colcon.colcon_core.package_identification:_identify(Projeto-Final-P.S-Nautilus/meu_robot_sim/worlds) by extensions ['ros']
[0.986s] Level 1:colcon.colcon_core.package_identification:_identify(Projeto-Final-P.S-Nautilus/meu_robot_sim/worlds) by extension 'ros'
[0.986s] Level 1:colcon.colcon_core.package_identification:_identify(Projeto-Final-P.S-Nautilus/meu_robot_sim/worlds) by extensions ['cmake', 'python']
[0.986s] Level 1:colcon.colcon_core.package_identification:_identify(Projeto-Final-P.S-Nautilus/meu_robot_sim/worlds) by extension 'cmake'
[0.987s] Level 1:colcon.colcon_core.package_identification:_identify(Projeto-Final-P.S-Nautilus/meu_robot_sim/worlds) by extension 'python'
[0.987s] Level 1:colcon.colcon_core.package_identification:_identify(Projeto-Final-P.S-Nautilus/meu_robot_sim/worlds) by extensions ['python_setup_py']
[0.987s] Level 1:colcon.colcon_core.package_identification:_identify(Projeto-Final-P.S-Nautilus/meu_robot_sim/worlds) by extension 'python_setup_py'
[0.987s] Level 1:colcon.colcon_core.package_identification:_identify(build) by extensions ['ignore', 'ignore_ament_install']
[0.987s] Level 1:colcon.colcon_core.package_identification:_identify(build) by extension 'ignore'
[0.987s] Level 1:colcon.colcon_core.package_identification:_identify(build) ignored
[0.988s] Level 1:colcon.colcon_core.package_identification:_identify(catkin_ws) by extensions ['ignore', 'ignore_ament_install']
[0.988s] Level 1:colcon.colcon_core.package_identification:_identify(catkin_ws) by extension 'ignore'
[0.988s] Level 1:colcon.colcon_core.package_identification:_identify(catkin_ws) by extension 'ignore_ament_install'
[0.988s] Level 1:colcon.colcon_core.package_identification:_identify(catkin_ws) by extensions ['colcon_pkg']
[0.988s] Level 1:colcon.colcon_core.package_identification:_identify(catkin_ws) by extension 'colcon_pkg'
[0.988s] Level 1:colcon.colcon_core.package_identification:_identify(catkin_ws) by extensions ['colcon_meta']
[0.988s] Level 1:colcon.colcon_core.package_identification:_identify(catkin_ws) by extension 'colcon_meta'
[0.988s] Level 1:colcon.colcon_core.package_identification:_identify(catkin_ws) by extensions ['ros']
[0.988s] Level 1:colcon.colcon_core.package_identification:_identify(catkin_ws) by extension 'ros'
[0.988s] Level 1:colcon.colcon_core.package_identification:_identify(catkin_ws) by extensions ['cmake', 'python']
[0.988s] Level 1:colcon.colcon_core.package_identification:_identify(catkin_ws) by extension 'cmake'
[0.988s] Level 1:colcon.colcon_core.package_identification:_identify(catkin_ws) by extension 'python'
[0.988s] Level 1:colcon.colcon_core.package_identification:_identify(catkin_ws) by extensions ['python_setup_py']
[0.988s] Level 1:colcon.colcon_core.package_identification:_identify(catkin_ws) by extension 'python_setup_py'
[0.989s] Level 1:colcon.colcon_core.package_identification:_identify(catkin_ws/src) by extensions ['ignore', 'ignore_ament_install']
[0.989s] Level 1:colcon.colcon_core.package_identification:_identify(catkin_ws/src) by extension 'ignore'
[0.989s] Level 1:colcon.colcon_core.package_identification:_identify(catkin_ws/src) by extension 'ignore_ament_install'
[0.989s] Level 1:colcon.colcon_core.package_identification:_identify(catkin_ws/src) by extensions ['colcon_pkg']
[0.989s] Level 1:colcon.colcon_core.package_identification:_identify(catkin_ws/src) by extension 'colcon_pkg'
[0.989s] Level 1:colcon.colcon_core.package_identification:_identify(catkin_ws/src) by extensions ['colcon_meta']
[0.989s] Level 1:colcon.colcon_core.package_identification:_identify(catkin_ws/src) by extension 'colcon_meta'
[0.989s] Level 1:colcon.colcon_core.package_identification:_identify(catkin_ws/src) by extensions ['ros']
[0.989s] Level 1:colcon.colcon_core.package_identification:_identify(catkin_ws/src) by extension 'ros'
[0.989s] Level 1:colcon.colcon_core.package_identification:_identify(catkin_ws/src) by extensions ['cmake', 'python']
[0.989s] Level 1:colcon.colcon_core.package_identification:_identify(catkin_ws/src) by extension 'cmake'
[0.989s] Level 1:colcon.colcon_core.package_identification:_identify(catkin_ws/src) by extension 'python'
[0.989s] Level 1:colcon.colcon_core.package_identification:_identify(catkin_ws/src) by extensions ['python_setup_py']
[0.989s] Level 1:colcon.colcon_core.package_identification:_identify(catkin_ws/src) by extension 'python_setup_py'
[0.990s] Level 1:colcon.colcon_core.package_identification:_identify(install) by extensions ['ignore', 'ignore_ament_install']
[0.990s] Level 1:colcon.colcon_core.package_identification:_identify(install) by extension 'ignore'
[0.990s] Level 1:colcon.colcon_core.package_identification:_identify(install) ignored
[0.990s] Level 1:colcon.colcon_core.package_identification:_identify(log) by extensions ['ignore', 'ignore_ament_install']
[0.990s] Level 1:colcon.colcon_core.package_identification:_identify(log) by extension 'ignore'
[0.991s] Level 1:colcon.colcon_core.package_identification:_identify(log) ignored
[0.991s] Level 1:colcon.colcon_core.package_identification:_identify(src) by extensions ['ignore', 'ignore_ament_install']
[0.991s] Level 1:colcon.colcon_core.package_identification:_identify(src) by extension 'ignore'
[0.991s] Level 1:colcon.colcon_core.package_identification:_identify(src) by extension 'ignore_ament_install'
[0.991s] Level 1:colcon.colcon_core.package_identification:_identify(src) by extensions ['colcon_pkg']
[0.991s] Level 1:colcon.colcon_core.package_identification:_identify(src) by extension 'colcon_pkg'
[0.991s] Level 1:colcon.colcon_core.package_identification:_identify(src) by extensions ['colcon_meta']
[0.991s] Level 1:colcon.colcon_core.package_identification:_identify(src) by extension 'colcon_meta'
[0.991s] Level 1:colcon.colcon_core.package_identification:_identify(src) by extensions ['ros']
[0.991s] Level 1:colcon.colcon_core.package_identification:_identify(src) by extension 'ros'
[0.991s] Level 1:colcon.colcon_core.package_identification:_identify(src) by extensions ['cmake', 'python']
[0.991s] Level 1:colcon.colcon_core.package_identification:_identify(src) by extension 'cmake'
[0.991s] Level 1:colcon.colcon_core.package_identification:_identify(src) by extension 'python'
[0.992s] Level 1:colcon.colcon_core.package_identification:_identify(src) by extensions ['python_setup_py']
[0.992s] Level 1:colcon.colcon_core.package_identification:_identify(src) by extension 'python_setup_py'
[0.992s] Level 1:colcon.colcon_core.package_identification:_identify(src/harpia_proj_final) by extensions ['ignore', 'ignore_ament_install']
[0.992s] Level 1:colcon.colcon_core.package_identification:_identify(src/harpia_proj_final) by extension 'ignore'
[0.992s] Level 1:colcon.colcon_core.package_identification:_identify(src/harpia_proj_final) by extension 'ignore_ament_install'
[0.992s] Level 1:colcon.colcon_core.package_identification:_identify(src/harpia_proj_final) by extensions ['colcon_pkg']
[0.992s] Level 1:colcon.colcon_core.package_identification:_identify(src/harpia_proj_final) by extension 'colcon_pkg'
[0.992s] Level 1:colcon.colcon_core.package_identification:_identify(src/harpia_proj_final) by extensions ['colcon_meta']
[0.992s] Level 1:colcon.colcon_core.package_identification:_identify(src/harpia_proj_final) by extension 'colcon_meta'
[0.992s] Level 1:colcon.colcon_core.package_identification:_identify(src/harpia_proj_final) by extensions ['ros']
[0.992s] Level 1:colcon.colcon_core.package_identification:_identify(src/harpia_proj_final) by extension 'ros'
[0.994s] DEBUG:colcon.colcon_core.package_identification:Package 'src/harpia_proj_final' with type 'ros.ament_python' and name 'harpia_proj_final'
[0.994s] Level 1:colcon.colcon_core.package_discovery:discover_packages(recursive) using defaults
[0.994s] Level 1:colcon.colcon_core.package_discovery:discover_packages(ignore) discover
[0.994s] Level 1:colcon.colcon_core.package_discovery:discover_packages(ignore) using defaults
[0.994s] Level 1:colcon.colcon_core.package_discovery:discover_packages(path) discover
[0.994s] Level 1:colcon.colcon_core.package_discovery:discover_packages(path) using defaults
[1.064s] Level 5:colcon.colcon_core.verb:set package 'harpia_proj_final' build argument 'cmake_args' from command line to 'None'
[1.064s] Level 5:colcon.colcon_core.verb:set package 'harpia_proj_final' build argument 'cmake_target' from command line to 'None'
[1.064s] Level 5:colcon.colcon_core.verb:set package 'harpia_proj_final' build argument 'cmake_target_skip_unavailable' from command line to 'False'
[1.065s] Level 5:colcon.colcon_core.verb:set package 'harpia_proj_final' build argument 'cmake_clean_cache' from command line to 'False'
[1.065s] Level 5:colcon.colcon_core.verb:set package 'harpia_proj_final' build argument 'cmake_clean_first' from command line to 'False'
[1.065s] Level 5:colcon.colcon_core.verb:set package 'harpia_proj_final' build argument 'cmake_force_configure' from command line to 'False'
[1.065s] Level 5:colcon.colcon_core.verb:set package 'harpia_proj_final' build argument 'ament_cmake_args' from command line to 'None'
[1.065s] Level 5:colcon.colcon_core.verb:set package 'harpia_proj_final' build argument 'catkin_cmake_args' from command line to 'None'
[1.065s] Level 5:colcon.colcon_core.verb:set package 'harpia_proj_final' build argument 'catkin_skip_building_tests' from command line to 'False'
[1.065s] DEBUG:colcon.colcon_core.verb:Building package 'harpia_proj_final' with the following arguments: {'ament_cmake_args': None, 'build_base': '/root/catkin_ws/build/harpia_proj_final', 'catkin_cmake_args': None, 'catkin_skip_building_tests': False, 'cmake_args': None, 'cmake_clean_cache': False, 'cmake_clean_first': False, 'cmake_force_configure': False, 'cmake_target': None, 'cmake_target_skip_unavailable': False, 'install_base': '/root/catkin_ws/install/harpia_proj_final', 'merge_install': False, 'path': '/root/catkin_ws/src/harpia_proj_final', 'symlink_install': False, 'test_result_base': None}
[1.065s] INFO:colcon.colcon_core.executor:Executing jobs using 'parallel' executor
[1.070s] DEBUG:colcon.colcon_parallel_executor.executor.parallel:run_until_complete
[1.071s] INFO:colcon.colcon_ros.task.ament_python.build:Building ROS package in '/root/catkin_ws/src/harpia_proj_final' with build type 'ament_python'
[1.071s] Level 1:colcon.colcon_core.shell:create_environment_hook('harpia_proj_final', 'ament_prefix_path')
[1.084s] INFO:colcon.colcon_core.plugin_system:Skipping extension 'colcon_core.shell.bat': Not used on non-Windows systems
[1.084s] INFO:colcon.colcon_core.shell:Creating environment hook '/root/catkin_ws/install/harpia_proj_final/share/harpia_proj_final/hook/ament_prefix_path.ps1'
[1.089s] INFO:colcon.colcon_core.shell:Creating environment descriptor '/root/catkin_ws/install/harpia_proj_final/share/harpia_proj_final/hook/ament_prefix_path.dsv'
[1.092s] INFO:colcon.colcon_core.shell:Creating environment hook '/root/catkin_ws/install/harpia_proj_final/share/harpia_proj_final/hook/ament_prefix_path.sh'
[1.096s] INFO:colcon.colcon_core.shell:Skip shell extension 'powershell' for command environment: Not usable outside of PowerShell
[1.096s] DEBUG:colcon.colcon_core.shell:Skip shell extension 'dsv' for command environment
[1.574s] INFO:colcon.colcon_core.task.python.build:Building Python package in '/root/catkin_ws/src/harpia_proj_final'
[1.575s] INFO:colcon.colcon_core.shell:Skip shell extension 'powershell' for command environment: Not usable outside of PowerShell
[1.575s] DEBUG:colcon.colcon_core.shell:Skip shell extension 'dsv' for command environment
[2.030s] DEBUG:colcon.colcon_core.event_handler.log_command:Invoking command in '/root/catkin_ws/src/harpia_proj_final': PYTHONPATH=/root/catkin_ws/build/harpia_proj_final/prefix_override:/root/catkin_ws/install/harpia_proj_final/lib/python3.10/site-packages:${PYTHONPATH} /usr/bin/python3 setup.py egg_info --egg-base ../../build/harpia_proj_final build --build-base /root/catkin_ws/build/harpia_proj_final/build install --record /root/catkin_ws/build/harpia_proj_final/install.log --single-version-externally-managed
[2.290s] DEBUG:colcon.colcon_core.event_handler.log_command:Invoked command in '/root/catkin_ws/src/harpia_proj_final' returned '0': PYTHONPATH=/root/catkin_ws/build/harpia_proj_final/prefix_override:/root/catkin_ws/install/harpia_proj_final/lib/python3.10/site-packages:${PYTHONPATH} /usr/bin/python3 setup.py egg_info --egg-base ../../build/harpia_proj_final build --build-base /root/catkin_ws/build/harpia_proj_final/build install --record /root/catkin_ws/build/harpia_proj_final/install.log --single-version-externally-managed
[2.311s] Level 1:colcon.colcon_core.environment:checking '/root/catkin_ws/install/harpia_proj_final' for CMake module files
[2.311s] Level 1:colcon.colcon_core.environment:checking '/root/catkin_ws/install/harpia_proj_final' for CMake config files
[2.312s] Level 1:colcon.colcon_core.environment:checking '/root/catkin_ws/install/harpia_proj_final/lib'
[2.312s] Level 1:colcon.colcon_core.environment:checking '/root/catkin_ws/install/harpia_proj_final/bin'
[2.312s] Level 1:colcon.colcon_core.environment:checking '/root/catkin_ws/install/harpia_proj_final/lib/pkgconfig/harpia_proj_final.pc'
[2.313s] Level 1:colcon.colcon_core.environment:checking '/root/catkin_ws/install/harpia_proj_final/lib/python3.10/site-packages'
[2.313s] Level 1:colcon.colcon_core.shell:create_environment_hook('harpia_proj_final', 'pythonpath')
[2.314s] INFO:colcon.colcon_core.shell:Creating environment hook '/root/catkin_ws/install/harpia_proj_final/share/harpia_proj_final/hook/pythonpath.ps1'
[2.315s] INFO:colcon.colcon_core.shell:Creating environment descriptor '/root/catkin_ws/install/harpia_proj_final/share/harpia_proj_final/hook/pythonpath.dsv'
[2.316s] INFO:colcon.colcon_core.shell:Creating environment hook '/root/catkin_ws/install/harpia_proj_final/share/harpia_proj_final/hook/pythonpath.sh'
[2.316s] Level 1:colcon.colcon_core.environment:checking '/root/catkin_ws/install/harpia_proj_final/bin'
[2.316s] Level 1:colcon.colcon_core.environment:create_environment_scripts_only(harpia_proj_final)
[2.317s] INFO:colcon.colcon_core.shell:Creating package script '/root/catkin_ws/install/harpia_proj_final/share/harpia_proj_final/package.ps1'
[2.320s] INFO:colcon.colcon_core.shell:Creating package descriptor '/root/catkin_ws/install/harpia_proj_final/share/harpia_proj_final/package.dsv'
[2.321s] INFO:colcon.colcon_core.shell:Creating package script '/root/catkin_ws/install/harpia_proj_final/share/harpia_proj_final/package.sh'
[2.322s] INFO:colcon.colcon_core.shell:Creating package script '/root/catkin_ws/install/harpia_proj_final/share/harpia_proj_final/package.bash'
[2.323s] INFO:colcon.colcon_core.shell:Creating package script '/root/catkin_ws/install/harpia_proj_final/share/harpia_proj_final/package.zsh'
[2.325s] Level 1:colcon.colcon_core.environment:create_file_with_runtime_dependencies(/root/catkin_ws/install/harpia_proj_final/share/colcon-core/packages/harpia_proj_final)
[2.325s] DEBUG:colcon.colcon_parallel_executor.executor.parallel:closing loop
[2.326s] DEBUG:colcon.colcon_parallel_executor.executor.parallel:loop closed
[2.326s] DEBUG:colcon.colcon_parallel_executor.executor.parallel:run_until_complete finished with '0'
[2.326s] DEBUG:colcon.colcon_core.event_reactor:joining thread
[2.344s] INFO:colcon.colcon_core.plugin_system:Skipping extension 'colcon_notification.desktop_notification.notify_send': Could not find 'notify-send'
[2.345s] INFO:colcon.colcon_core.plugin_system:Skipping extension 'colcon_notification.desktop_notification.terminal_notifier': Not used on non-Darwin systems
[2.345s] INFO:colcon.colcon_core.plugin_system:Skipping extension 'colcon_notification.desktop_notification.win32': Not used on non-Windows systems
[2.345s] INFO:colcon.colcon_notification.desktop_notification:Sending desktop notification using 'notify2'
[2.348s] DEBUG:colcon.colcon_notification.desktop_notification.notify2:Failed to initialize notify2: org.freedesktop.DBus.Error.Spawn.ExecFailed: /usr/bin/dbus-launch terminated abnormally without any error message
[2.348s] DEBUG:colcon.colcon_core.event_reactor:joined thread
[2.350s] INFO:colcon.colcon_core.shell:Creating prefix script '/root/catkin_ws/install/local_setup.ps1'
[2.352s] INFO:colcon.colcon_core.shell:Creating prefix util module '/root/catkin_ws/install/_local_setup_util_ps1.py'
[2.354s] INFO:colcon.colcon_core.shell:Creating prefix chain script '/root/catkin_ws/install/setup.ps1'
[2.356s] INFO:colcon.colcon_core.shell:Creating prefix script '/root/catkin_ws/install/local_setup.sh'
[2.357s] INFO:colcon.colcon_core.shell:Creating prefix util module '/root/catkin_ws/install/_local_setup_util_sh.py'
[2.358s] INFO:colcon.colcon_core.shell:Creating prefix chain script '/root/catkin_ws/install/setup.sh'
[2.362s] INFO:colcon.colcon_core.shell:Creating prefix script '/root/catkin_ws/install/local_setup.bash'
[2.364s] INFO:colcon.colcon_core.shell:Creating prefix chain script '/root/catkin_ws/install/setup.bash'
[2.366s] INFO:colcon.colcon_core.shell:Creating prefix script '/root/catkin_ws/install/local_setup.zsh'
[2.367s] INFO:colcon.colcon_core.shell:Creating prefix chain script '/root/catkin_ws/install/setup.zsh'
