[0.663s] DEBUG:colcon:Command line arguments: ['/usr/bin/colcon', 'build']
[0.663s] DEBUG:colcon:Parsed command line arguments: Namespace(log_base=None, log_level=None, verb_name='build', build_base='build', install_base='install', merge_install=False, symlink_install=False, test_result_base=None, continue_on_error=False, executor='parallel', parallel_workers=12, event_handlers=None, ignore_user_meta=False, metas=['./colcon.meta'], base_paths=['.'], packages_ignore=None, packages_ignore_regex=None, paths=None, packages_up_to=None, packages_up_to_regex=None, packages_above=None, packages_above_and_dependencies=None, packages_above_depth=None, packages_select_by_dep=None, packages_skip_by_dep=None, packages_skip_up_to=None, packages_select_build_failed=False, packages_skip_build_finished=False, packages_select_test_failures=False, packages_skip_test_passed=False, packages_select=None, packages_skip=None, packages_select_regex=None, packages_skip_regex=None, packages_start=None, packages_end=None, cmake_args=None, cmake_target=None, cmake_target_skip_unavailable=False, cmake_clean_cache=False, cmake_clean_first=False, cmake_force_configure=False, ament_cmake_args=None, catkin_cmake_args=None, catkin_skip_building_tests=False, mixin_files=None, mixin=None, verb_parser=<colcon_mixin.mixin.mixin_argument.MixinArgumentDecorator object at 0x7fd29b514670>, verb_extension=<colcon_core.verb.build.BuildVerb object at 0x7fd29bcfc5e0>, main=<bound method BuildVerb.main of <colcon_core.verb.build.BuildVerb object at 0x7fd29bcfc5e0>>, mixin_verb=('build',))
[0.735s] Level 1:colcon.colcon_core.package_discovery:discover_packages(colcon_meta) check parameters
[0.736s] INFO:colcon.colcon_metadata.package_discovery.colcon_meta:Using configuration from '/root/.colcon/metadata/default/Gazebo.meta'
[0.737s] INFO:colcon.colcon_metadata.package_discovery.colcon_meta:Using configuration from '/root/.colcon/metadata/default/fastrtps.meta'
[0.737s] Level 1:colcon.colcon_core.package_discovery:discover_packages(recursive) check parameters
[0.737s] Level 1:colcon.colcon_core.package_discovery:discover_packages(ignore) check parameters
[0.737s] Level 1:colcon.colcon_core.package_discovery:discover_packages(path) check parameters
[0.737s] Level 1:colcon.colcon_core.package_discovery:discover_packages(colcon_meta) discover
[0.737s] Level 1:colcon.colcon_core.package_discovery:discover_packages(recursive) discover
[0.737s] INFO:colcon.colcon_core.package_discovery:Crawling recursively for packages in '/root/catkin_ws'
[0.738s] Level 1:colcon.colcon_core.package_identification:_identify(.) by extensions ['ignore', 'ignore_ament_install']
[0.738s] Level 1:colcon.colcon_core.package_identification:_identify(.) by extension 'ignore'
[0.738s] Level 1:colcon.colcon_core.package_identification:_identify(.) by extension 'ignore_ament_install'
[0.738s] Level 1:colcon.colcon_core.package_identification:_identify(.) by extensions ['colcon_pkg']
[0.738s] Level 1:colcon.colcon_core.package_identification:_identify(.) by extension 'colcon_pkg'
[0.738s] Level 1:colcon.colcon_core.package_identification:_identify(.) by extensions ['colcon_meta']
[0.738s] Level 1:colcon.colcon_core.package_identification:_identify(.) by extension 'colcon_meta'
[0.738s] Level 1:colcon.colcon_core.package_identification:_identify(.) by extensions ['ros']
[0.738s] Level 1:colcon.colcon_core.package_identification:_identify(.) by extension 'ros'
[0.754s] Level 1:colcon.colcon_core.package_identification:_identify(.) by extensions ['cmake', 'python']
[0.754s] Level 1:colcon.colcon_core.package_identification:_identify(.) by extension 'cmake'
[0.754s] Level 1:colcon.colcon_core.package_identification:_identify(.) by extension 'python'
[0.754s] Level 1:colcon.colcon_core.package_identification:_identify(.) by extensions ['python_setup_py']
[0.754s] Level 1:colcon.colcon_core.package_identification:_identify(.) by extension 'python_setup_py'
[0.755s] Level 1:colcon.colcon_core.package_identification:_identify(Projeto-Final-P.S-Nautilus) by extensions ['ignore', 'ignore_ament_install']
[0.755s] Level 1:colcon.colcon_core.package_identification:_identify(Projeto-Final-P.S-Nautilus) by extension 'ignore'
[0.755s] Level 1:colcon.colcon_core.package_identification:_identify(Projeto-Final-P.S-Nautilus) by extension 'ignore_ament_install'
[0.755s] Level 1:colcon.colcon_core.package_identification:_identify(Projeto-Final-P.S-Nautilus) by extensions ['colcon_pkg']
[0.755s] Level 1:colcon.colcon_core.package_identification:_identify(Projeto-Final-P.S-Nautilus) by extension 'colcon_pkg'
[0.755s] Level 1:colcon.colcon_core.package_identification:_identify(Projeto-Final-P.S-Nautilus) by extensions ['colcon_meta']
[0.755s] Level 1:colcon.colcon_core.package_identification:_identify(Projeto-Final-P.S-Nautilus) by extension 'colcon_meta'
[0.755s] Level 1:colcon.colcon_core.package_identification:_identify(Projeto-Final-P.S-Nautilus) by extensions ['ros']
[0.755s] Level 1:colcon.colcon_core.package_identification:_identify(Projeto-Final-P.S-Nautilus) by extension 'ros'
[0.760s] DEBUG:colcon.colcon_core.package_identification:Failed to parse potential ROS package manifest in'Projeto-Final-P.S-Nautilus': Error(s) in package 'Projeto-Final-P.S-Nautilus/package.xml':
Error(s):
- The manifest of package "meu_robot_sim" (with format version 2) must not contain the following tags: run_depend
- Please replace <run_depend> tags with <exec_depend> tags.
[0.760s] Level 1:colcon.colcon_core.package_identification:_identify(Projeto-Final-P.S-Nautilus) by extensions ['cmake', 'python']
[0.760s] Level 1:colcon.colcon_core.package_identification:_identify(Projeto-Final-P.S-Nautilus) by extension 'cmake'
[0.760s] Level 1:colcon.colcon_core.package_identification:_identify(Projeto-Final-P.S-Nautilus) by extension 'python'
[0.760s] Level 1:colcon.colcon_core.package_identification:_identify(Projeto-Final-P.S-Nautilus) by extensions ['python_setup_py']
[0.760s] Level 1:colcon.colcon_core.package_identification:_identify(Projeto-Final-P.S-Nautilus) by extension 'python_setup_py'
[0.761s] Level 1:colcon.colcon_core.package_identification:_identify(Projeto-Final-P.S-Nautilus/meu_robot) by extensions ['ignore', 'ignore_ament_install']
[0.761s] Level 1:colcon.colcon_core.package_identification:_identify(Projeto-Final-P.S-Nautilus/meu_robot) by extension 'ignore'
[0.761s] Level 1:colcon.colcon_core.package_identification:_identify(Projeto-Final-P.S-Nautilus/meu_robot) by extension 'ignore_ament_install'
[0.761s] Level 1:colcon.colcon_core.package_identification:_identify(Projeto-Final-P.S-Nautilus/meu_robot) by extensions ['colcon_pkg']
[0.761s] Level 1:colcon.colcon_core.package_identification:_identify(Projeto-Final-P.S-Nautilus/meu_robot) by extension 'colcon_pkg'
[0.761s] Level 1:colcon.colcon_core.package_identification:_identify(Projeto-Final-P.S-Nautilus/meu_robot) by extensions ['colcon_meta']
[0.761s] Level 1:colcon.colcon_core.package_identification:_identify(Projeto-Final-P.S-Nautilus/meu_robot) by extension 'colcon_meta'
[0.761s] Level 1:colcon.colcon_core.package_identification:_identify(Projeto-Final-P.S-Nautilus/meu_robot) by extensions ['ros']
[0.761s] Level 1:colcon.colcon_core.package_identification:_identify(Projeto-Final-P.S-Nautilus/meu_robot) by extension 'ros'
[0.761s] Level 1:colcon.colcon_core.package_identification:_identify(Projeto-Final-P.S-Nautilus/meu_robot) by extensions ['cmake', 'python']
[0.761s] Level 1:colcon.colcon_core.package_identification:_identify(Projeto-Final-P.S-Nautilus/meu_robot) by extension 'cmake'
[0.761s] Level 1:colcon.colcon_core.package_identification:_identify(Projeto-Final-P.S-Nautilus/meu_robot) by extension 'python'
[0.761s] Level 1:colcon.colcon_core.package_identification:_identify(Projeto-Final-P.S-Nautilus/meu_robot) by extensions ['python_setup_py']
[0.761s] Level 1:colcon.colcon_core.package_identification:_identify(Projeto-Final-P.S-Nautilus/meu_robot) by extension 'python_setup_py'
[0.761s] Level 1:colcon.colcon_core.package_identification:_identify(Projeto-Final-P.S-Nautilus/meu_robot_sim) by extensions ['ignore', 'ignore_ament_install']
[0.761s] Level 1:colcon.colcon_core.package_identification:_identify(Projeto-Final-P.S-Nautilus/meu_robot_sim) by extension 'ignore'
[0.761s] Level 1:colcon.colcon_core.package_identification:_identify(Projeto-Final-P.S-Nautilus/meu_robot_sim) by extension 'ignore_ament_install'
[0.762s] Level 1:colcon.colcon_core.package_identification:_identify(Projeto-Final-P.S-Nautilus/meu_robot_sim) by extensions ['colcon_pkg']
[0.762s] Level 1:colcon.colcon_core.package_identification:_identify(Projeto-Final-P.S-Nautilus/meu_robot_sim) by extension 'colcon_pkg'
[0.762s] Level 1:colcon.colcon_core.package_identification:_identify(Projeto-Final-P.S-Nautilus/meu_robot_sim) by extensions ['colcon_meta']
[0.762s] Level 1:colcon.colcon_core.package_identification:_identify(Projeto-Final-P.S-Nautilus/meu_robot_sim) by extension 'colcon_meta'
[0.762s] Level 1:colcon.colcon_core.package_identification:_identify(Projeto-Final-P.S-Nautilus/meu_robot_sim) by extensions ['ros']
[0.762s] Level 1:colcon.colcon_core.package_identification:_identify(Projeto-Final-P.S-Nautilus/meu_robot_sim) by extension 'ros'
[0.762s] Level 1:colcon.colcon_core.package_identification:_identify(Projeto-Final-P.S-Nautilus/meu_robot_sim) by extensions ['cmake', 'python']
[0.762s] Level 1:colcon.colcon_core.package_identification:_identify(Projeto-Final-P.S-Nautilus/meu_robot_sim) by extension 'cmake'
[0.762s] Level 1:colcon.colcon_core.package_identification:_identify(Projeto-Final-P.S-Nautilus/meu_robot_sim) by extension 'python'
[0.762s] Level 1:colcon.colcon_core.package_identification:_identify(Projeto-Final-P.S-Nautilus/meu_robot_sim) by extensions ['python_setup_py']
[0.762s] Level 1:colcon.colcon_core.package_identification:_identify(Projeto-Final-P.S-Nautilus/meu_robot_sim) by extension 'python_setup_py'
[0.762s] Level 1:colcon.colcon_core.package_identification:_identify(Projeto-Final-P.S-Nautilus/meu_robot_sim/scripts) by extensions ['ignore', 'ignore_ament_install']
[0.762s] Level 1:colcon.colcon_core.package_identification:_identify(Projeto-Final-P.S-Nautilus/meu_robot_sim/scripts) by extension 'ignore'
[0.762s] Level 1:colcon.colcon_core.package_identification:_identify(Projeto-Final-P.S-Nautilus/meu_robot_sim/scripts) by extension 'ignore_ament_install'
[0.762s] Level 1:colcon.colcon_core.package_identification:_identify(Projeto-Final-P.S-Nautilus/meu_robot_sim/scripts) by extensions ['colcon_pkg']
[0.762s] Level 1:colcon.colcon_core.package_identification:_identify(Projeto-Final-P.S-Nautilus/meu_robot_sim/scripts) by extension 'colcon_pkg'
[0.762s] Level 1:colcon.colcon_core.package_identification:_identify(Projeto-Final-P.S-Nautilus/meu_robot_sim/scripts) by extensions ['colcon_meta']
[0.762s] Level 1:colcon.colcon_core.package_identification:_identify(Projeto-Final-P.S-Nautilus/meu_robot_sim/scripts) by extension 'colcon_meta'
[0.762s] Level 1:colcon.colcon_core.package_identification:_identify(Projeto-Final-P.S-Nautilus/meu_robot_sim/scripts) by extensions ['ros']
[0.762s] Level 1:colcon.colcon_core.package_identification:_identify(Projeto-Final-P.S-Nautilus/meu_robot_sim/scripts) by extension 'ros'
[0.763s] Level 1:colcon.colcon_core.package_identification:_identify(Projeto-Final-P.S-Nautilus/meu_robot_sim/scripts) by extensions ['cmake', 'python']
[0.763s] Level 1:colcon.colcon_core.package_identification:_identify(Projeto-Final-P.S-Nautilus/meu_robot_sim/scripts) by extension 'cmake'
[0.763s] Level 1:colcon.colcon_core.package_identification:_identify(Projeto-Final-P.S-Nautilus/meu_robot_sim/scripts) by extension 'python'
[0.763s] Level 1:colcon.colcon_core.package_identification:_identify(Projeto-Final-P.S-Nautilus/meu_robot_sim/scripts) by extensions ['python_setup_py']
[0.763s] Level 1:colcon.colcon_core.package_identification:_identify(Projeto-Final-P.S-Nautilus/meu_robot_sim/scripts) by extension 'python_setup_py'
[0.763s] Level 1:colcon.colcon_core.package_identification:_identify(Projeto-Final-P.S-Nautilus/meu_robot_sim/urdf) by extensions ['ignore', 'ignore_ament_install']
[0.763s] Level 1:colcon.colcon_core.package_identification:_identify(Projeto-Final-P.S-Nautilus/meu_robot_sim/urdf) by extension 'ignore'
[0.763s] Level 1:colcon.colcon_core.package_identification:_identify(Projeto-Final-P.S-Nautilus/meu_robot_sim/urdf) by extension 'ignore_ament_install'
[0.763s] Level 1:colcon.colcon_core.package_identification:_identify(Projeto-Final-P.S-Nautilus/meu_robot_sim/urdf) by extensions ['colcon_pkg']
[0.763s] Level 1:colcon.colcon_core.package_identification:_identify(Projeto-Final-P.S-Nautilus/meu_robot_sim/urdf) by extension 'colcon_pkg'
[0.763s] Level 1:colcon.colcon_core.package_identification:_identify(Projeto-Final-P.S-Nautilus/meu_robot_sim/urdf) by extensions ['colcon_meta']
[0.763s] Level 1:colcon.colcon_core.package_identification:_identify(Projeto-Final-P.S-Nautilus/meu_robot_sim/urdf) by extension 'colcon_meta'
[0.763s] Level 1:colcon.colcon_core.package_identification:_identify(Projeto-Final-P.S-Nautilus/meu_robot_sim/urdf) by extensions ['ros']
[0.763s] Level 1:colcon.colcon_core.package_identification:_identify(Projeto-Final-P.S-Nautilus/meu_robot_sim/urdf) by extension 'ros'
[0.763s] Level 1:colcon.colcon_core.package_identification:_identify(Projeto-Final-P.S-Nautilus/meu_robot_sim/urdf) by extensions ['cmake', 'python']
[0.763s] Level 1:colcon.colcon_core.package_identification:_identify(Projeto-Final-P.S-Nautilus/meu_robot_sim/urdf) by extension 'cmake'
[0.763s] Level 1:colcon.colcon_core.package_identification:_identify(Projeto-Final-P.S-Nautilus/meu_robot_sim/urdf) by extension 'python'
[0.763s] Level 1:colcon.colcon_core.package_identification:_identify(Projeto-Final-P.S-Nautilus/meu_robot_sim/urdf) by extensions ['python_setup_py']
[0.763s] Level 1:colcon.colcon_core.package_identification:_identify(Projeto-Final-P.S-Nautilus/meu_robot_sim/urdf) by extension 'python_setup_py'
[0.764s] Level 1:colcon.colcon_core.package_identification:_identify(Projeto-Final-P.S-Nautilus/meu_robot_sim/worlds) by extensions ['ignore', 'ignore_ament_install']
[0.764s] Level 1:colcon.colcon_core.package_identification:_identify(Projeto-Final-P.S-Nautilus/meu_robot_sim/worlds) by extension 'ignore'
[0.764s] Level 1:colcon.colcon_core.package_identification:_identify(Projeto-Final-P.S-Nautilus/meu_robot_sim/worlds) by extension 'ignore_ament_install'
[0.764s] Level 1:colcon.colcon_core.package_identification:_identify(Projeto-Final-P.S-Nautilus/meu_robot_sim/worlds) by extensions ['colcon_pkg']
[0.764s] Level 1:colcon.colcon_core.package_identification:_identify(Projeto-Final-P.S-Nautilus/meu_robot_sim/worlds) by extension 'colcon_pkg'
[0.764s] Level 1:colcon.colcon_core.package_identification:_identify(Projeto-Final-P.S-Nautilus/meu_robot_sim/worlds) by extensions ['colcon_meta']
[0.764s] Level 1:colcon.colcon_core.package_identification:_identify(Projeto-Final-P.S-Nautilus/meu_robot_sim/worlds) by extension 'colcon_meta'
[0.764s] Level 1:colcon.colcon_core.package_identification:_identify(Projeto-Final-P.S-Nautilus/meu_robot_sim/worlds) by extensions ['ros']
[0.764s] Level 1:colcon.colcon_core.package_identification:_identify(Projeto-Final-P.S-Nautilus/meu_robot_sim/worlds) by extension 'ros'
[0.764s] Level 1:colcon.colcon_core.package_identification:_identify(Projeto-Final-P.S-Nautilus/meu_robot_sim/worlds) by extensions ['cmake', 'python']
[0.764s] Level 1:colcon.colcon_core.package_identification:_identify(Projeto-Final-P.S-Nautilus/meu_robot_sim/worlds) by extension 'cmake'
[0.764s] Level 1:colcon.colcon_core.package_identification:_identify(Projeto-Final-P.S-Nautilus/meu_robot_sim/worlds) by extension 'python'
[0.764s] Level 1:colcon.colcon_core.package_identification:_identify(Projeto-Final-P.S-Nautilus/meu_robot_sim/worlds) by extensions ['python_setup_py']
[0.764s] Level 1:colcon.colcon_core.package_identification:_identify(Projeto-Final-P.S-Nautilus/meu_robot_sim/worlds) by extension 'python_setup_py'
[0.764s] Level 1:colcon.colcon_core.package_identification:_identify(build) by extensions ['ignore', 'ignore_ament_install']
[0.764s] Level 1:colcon.colcon_core.package_identification:_identify(build) by extension 'ignore'
[0.764s] Level 1:colcon.colcon_core.package_identification:_identify(build) ignored
[0.765s] Level 1:colcon.colcon_core.package_identification:_identify(catkin_ws) by extensions ['ignore', 'ignore_ament_install']
[0.765s] Level 1:colcon.colcon_core.package_identification:_identify(catkin_ws) by extension 'ignore'
[0.765s] Level 1:colcon.colcon_core.package_identification:_identify(catkin_ws) by extension 'ignore_ament_install'
[0.765s] Level 1:colcon.colcon_core.package_identification:_identify(catkin_ws) by extensions ['colcon_pkg']
[0.765s] Level 1:colcon.colcon_core.package_identification:_identify(catkin_ws) by extension 'colcon_pkg'
[0.765s] Level 1:colcon.colcon_core.package_identification:_identify(catkin_ws) by extensions ['colcon_meta']
[0.765s] Level 1:colcon.colcon_core.package_identification:_identify(catkin_ws) by extension 'colcon_meta'
[0.766s] Level 1:colcon.colcon_core.package_identification:_identify(catkin_ws) by extensions ['ros']
[0.766s] Level 1:colcon.colcon_core.package_identification:_identify(catkin_ws) by extension 'ros'
[0.766s] Level 1:colcon.colcon_core.package_identification:_identify(catkin_ws) by extensions ['cmake', 'python']
[0.766s] Level 1:colcon.colcon_core.package_identification:_identify(catkin_ws) by extension 'cmake'
[0.766s] Level 1:colcon.colcon_core.package_identification:_identify(catkin_ws) by extension 'python'
[0.766s] Level 1:colcon.colcon_core.package_identification:_identify(catkin_ws) by extensions ['python_setup_py']
[0.766s] Level 1:colcon.colcon_core.package_identification:_identify(catkin_ws) by extension 'python_setup_py'
[0.766s] Level 1:colcon.colcon_core.package_identification:_identify(catkin_ws/src) by extensions ['ignore', 'ignore_ament_install']
[0.766s] Level 1:colcon.colcon_core.package_identification:_identify(catkin_ws/src) by extension 'ignore'
[0.766s] Level 1:colcon.colcon_core.package_identification:_identify(catkin_ws/src) by extension 'ignore_ament_install'
[0.767s] Level 1:colcon.colcon_core.package_identification:_identify(catkin_ws/src) by extensions ['colcon_pkg']
[0.767s] Level 1:colcon.colcon_core.package_identification:_identify(catkin_ws/src) by extension 'colcon_pkg'
[0.767s] Level 1:colcon.colcon_core.package_identification:_identify(catkin_ws/src) by extensions ['colcon_meta']
[0.767s] Level 1:colcon.colcon_core.package_identification:_identify(catkin_ws/src) by extension 'colcon_meta'
[0.767s] Level 1:colcon.colcon_core.package_identification:_identify(catkin_ws/src) by extensions ['ros']
[0.767s] Level 1:colcon.colcon_core.package_identification:_identify(catkin_ws/src) by extension 'ros'
[0.767s] Level 1:colcon.colcon_core.package_identification:_identify(catkin_ws/src) by extensions ['cmake', 'python']
[0.767s] Level 1:colcon.colcon_core.package_identification:_identify(catkin_ws/src) by extension 'cmake'
[0.767s] Level 1:colcon.colcon_core.package_identification:_identify(catkin_ws/src) by extension 'python'
[0.767s] Level 1:colcon.colcon_core.package_identification:_identify(catkin_ws/src) by extensions ['python_setup_py']
[0.767s] Level 1:colcon.colcon_core.package_identification:_identify(catkin_ws/src) by extension 'python_setup_py'
[0.767s] Level 1:colcon.colcon_core.package_identification:_identify(install) by extensions ['ignore', 'ignore_ament_install']
[0.767s] Level 1:colcon.colcon_core.package_identification:_identify(install) by extension 'ignore'
[0.767s] Level 1:colcon.colcon_core.package_identification:_identify(install) ignored
[0.767s] Level 1:colcon.colcon_core.package_identification:_identify(log) by extensions ['ignore', 'ignore_ament_install']
[0.767s] Level 1:colcon.colcon_core.package_identification:_identify(log) by extension 'ignore'
[0.767s] Level 1:colcon.colcon_core.package_identification:_identify(log) ignored
[0.767s] Level 1:colcon.colcon_core.package_discovery:discover_packages(recursive) using defaults
[0.767s] Level 1:colcon.colcon_core.package_discovery:discover_packages(ignore) discover
[0.767s] Level 1:colcon.colcon_core.package_discovery:discover_packages(ignore) using defaults
[0.767s] Level 1:colcon.colcon_core.package_discovery:discover_packages(path) discover
[0.767s] Level 1:colcon.colcon_core.package_discovery:discover_packages(path) using defaults
[0.825s] INFO:colcon.colcon_core.executor:Executing jobs using 'parallel' executor
[0.829s] DEBUG:colcon.colcon_parallel_executor.executor.parallel:run_until_complete
[0.829s] DEBUG:colcon.colcon_parallel_executor.executor.parallel:closing loop
[0.829s] DEBUG:colcon.colcon_parallel_executor.executor.parallel:loop closed
[0.829s] DEBUG:colcon.colcon_parallel_executor.executor.parallel:run_until_complete finished with '0'
[0.830s] DEBUG:colcon.colcon_core.event_reactor:joining thread
[0.853s] INFO:colcon.colcon_core.plugin_system:Skipping extension 'colcon_notification.desktop_notification.notify_send': Could not find 'notify-send'
[0.853s] INFO:colcon.colcon_core.plugin_system:Skipping extension 'colcon_notification.desktop_notification.terminal_notifier': Not used on non-Darwin systems
[0.853s] INFO:colcon.colcon_core.plugin_system:Skipping extension 'colcon_notification.desktop_notification.win32': Not used on non-Windows systems
[0.854s] INFO:colcon.colcon_notification.desktop_notification:Sending desktop notification using 'notify2'
[0.868s] DEBUG:colcon.colcon_notification.desktop_notification.notify2:Failed to initialize notify2: org.freedesktop.DBus.Error.Spawn.ExecFailed: /usr/bin/dbus-launch terminated abnormally without any error message
[0.869s] DEBUG:colcon.colcon_core.event_reactor:joined thread
[0.887s] INFO:colcon.colcon_core.plugin_system:Skipping extension 'colcon_core.shell.bat': Not used on non-Windows systems
[0.887s] INFO:colcon.colcon_core.shell:Creating prefix script '/root/catkin_ws/install/local_setup.ps1'
[0.891s] INFO:colcon.colcon_core.shell:Creating prefix util module '/root/catkin_ws/install/_local_setup_util_ps1.py'
[0.894s] INFO:colcon.colcon_core.shell:Creating prefix chain script '/root/catkin_ws/install/setup.ps1'
[0.902s] INFO:colcon.colcon_core.shell:Creating prefix script '/root/catkin_ws/install/local_setup.sh'
[0.904s] INFO:colcon.colcon_core.shell:Creating prefix util module '/root/catkin_ws/install/_local_setup_util_sh.py'
[0.904s] INFO:colcon.colcon_core.shell:Creating prefix chain script '/root/catkin_ws/install/setup.sh'
[0.907s] INFO:colcon.colcon_core.shell:Creating prefix script '/root/catkin_ws/install/local_setup.bash'
[0.908s] INFO:colcon.colcon_core.shell:Creating prefix chain script '/root/catkin_ws/install/setup.bash'
[0.911s] INFO:colcon.colcon_core.shell:Creating prefix script '/root/catkin_ws/install/local_setup.zsh'
[0.913s] INFO:colcon.colcon_core.shell:Creating prefix chain script '/root/catkin_ws/install/setup.zsh'
